This is pdfTeX, Version 3.141592653-2.6-1.40.27 (TeX Live 2025) (preloaded format=pdflatex 2025.3.8)  22 JUL 2026 11:17
entering extended mode
 restricted \write18 enabled.
 %&-line parsing enabled.
**sn-article.tex
(./sn-article.tex
LaTeX2e <2024-11-01> patch level 2
L3 programming layer <2025-01-18>
(./sn-jnl.cls
Document Class: sn-jnl 2019/11/18 v0.1: An authoring template for Springer Jour
nal articles
(/usr/local/texlive/2025/texmf-dist/tex/latex/base/article.cls
Document Class: article 2024/06/29 v1.4n Standard LaTeX document class
(/usr/local/texlive/2025/texmf-dist/tex/latex/base/fleqn.clo
File: fleqn.clo 2016/12/29 v1.2b Standard LaTeX option (flush left equations)
\mathindent=\skip49
Applying: [2015/01/01] Make \[ robust on input line 50.
LaTeX Info: Redefining \[ on input line 51.
Already applied: [0000/00/00] Make \[ robust on input line 62.
Applying: [2015/01/01] Make \] robust on input line 74.
LaTeX Info: Redefining \] on input line 75.
Already applied: [0000/00/00] Make \] robust on input line 83.
)
(/usr/local/texlive/2025/texmf-dist/tex/latex/base/size10.clo
File: size10.clo 2024/06/29 v1.4n Standard LaTeX file (size option)
)
\c@part=\count196
\c@section=\count197
\c@subsection=\count198
\c@subsubsection=\count199
\c@paragraph=\count266
\c@subparagraph=\count267
\c@figure=\count268
\c@table=\count269
\abovecaptionskip=\skip50
\belowcaptionskip=\skip51
\bibindent=\dimen141
)
LaTeX Info: Redefining \rm on input line 146.
LaTeX Info: Redefining \sf on input line 147.
LaTeX Info: Redefining \tt on input line 148.
LaTeX Info: Redefining \bf on input line 149.
LaTeX Info: Redefining \it on input line 150.
LaTeX Info: Redefining \sl on input line 151.
LaTeX Info: Redefining \sc on input line 152.
LaTeX Info: Redefining \cal on input line 153.
LaTeX Info: Redefining \mit on input line 154.
LaTeX Info: Redefining \textsubscript on input line 212.
\columnhsize=\skip52

(/usr/local/texlive/2025/texmf-dist/tex/latex/geometry/geometry.sty
Package: geometry 2020/01/02 v5.9 Page Geometry

(/usr/local/texlive/2025/texmf-dist/tex/latex/graphics/keyval.sty
Package: keyval 2022/05/29 v1.15 key=value parser (DPC)
\KV@toks@=\toks17
)
(/usr/local/texlive/2025/texmf-dist/tex/generic/iftex/ifvtex.sty
Package: ifvtex 2019/10/25 v1.7 ifvtex legacy package. Use iftex instead.

(/usr/local/texlive/2025/texmf-dist/tex/generic/iftex/iftex.sty
Package: iftex 2024/12/12 v1.0g TeX engine tests
))
\Gm@cnth=\count270
\Gm@cntv=\count271
\c@Gm@tempcnt=\count272
\Gm@bindingoffset=\dimen142
\Gm@wd@mp=\dimen143
\Gm@odd@mp=\dimen144
\Gm@even@mp=\dimen145
\Gm@layoutwidth=\dimen146
\Gm@layoutheight=\dimen147
\Gm@layouthoffset=\dimen148
\Gm@layoutvoffset=\dimen149
\Gm@dimlist=\toks18
)
\artcatbox=\box52
\aucount=\count273
\corraucount=\count274
\punctcount=\count275
\emailcnt=\count276
\c@affn=\count277
\addcount=\count278
\PacsCount=\count279
\PacsTmpCnt=\count280
\FMremarkdim=\dimen150
\fmremarkbox=\box53

(/usr/local/texlive/2025/texmf-dist/tex/latex/sttools/cuted.sty
Package: cuted 2021/10/04 v2.0 Mixing onecolumn and twocolumn modes
\At@ViperColsBreak=\toks19
\preCutedStrip=\toks20
\postCutedStrip=\toks21
\cuted@@tempbox@a=\box54
\cuted@@tempbox@c=\box55
\cuted@@tempbox@var=\box56
\hold@viper=\box57
\@viper=\box58
\cuted@@varbox@a=\box59
\cuted@@varbox@c=\box60
\cuted@@tempdim@spread=\dimen151
\cuted@@tempdim@a=\dimen152
\cuted@@tempdim@b=\dimen153
\ht@hold@viper=\dimen154
\ht@viper=\dimen155
\var@@pagediscards@ht=\dimen156
\stripsep=\skip53
\viper@penalty=\count281
)
\firstpagehtcheck=\dimen157
\labelwidthi=\dimen158
\labelwidthii=\dimen159
\labelwidthiii=\dimen160
\labelwidthiv=\dimen161
\figwidth=\dimen162
\figheight=\dimen163
\sidecapwidth=\dimen164
\wrapcapline=\dimen165
\totalwrapline=\dimen166
\wraptotline=\dimen167
\figurebox=\box61
\wrapfigcapbox=\box62
\figcapbox=\box63
\capbox=\box64
\headwidthskip=\skip54
\tabcapbox=\box65
\temptbox=\box66
\tempdime=\dimen168
\tabhtdime=\dimen169

(/usr/local/texlive/2025/texmf-dist/tex/latex/graphics/rotating.sty
Package: rotating 2016/08/11 v2.16d rotated objects in LaTeX

(/usr/local/texlive/2025/texmf-dist/tex/latex/graphics/graphicx.sty
Package: graphicx 2021/09/16 v1.2d Enhanced LaTeX Graphics (DPC,SPQR)

(/usr/local/texlive/2025/texmf-dist/tex/latex/graphics/graphics.sty
Package: graphics 2024/08/06 v1.4g Standard LaTeX Graphics (DPC,SPQR)

(/usr/local/texlive/2025/texmf-dist/tex/latex/graphics/trig.sty
Package: trig 2023/12/02 v1.11 sin cos tan (DPC)
)
(/usr/local/texlive/2025/texmf-dist/tex/latex/graphics-cfg/graphics.cfg
File: graphics.cfg 2016/06/04 v1.11 sample graphics configuration
)
Package graphics Info: Driver file: pdftex.def on input line 106.

(/usr/local/texlive/2025/texmf-dist/tex/latex/graphics-def/pdftex.def
File: pdftex.def 2024/04/13 v1.2c Graphics/color driver for pdftex
))
\Gin@req@height=\dimen170
\Gin@req@width=\dimen171
)
(/usr/local/texlive/2025/texmf-dist/tex/latex/base/ifthen.sty
Package: ifthen 2024/03/16 v1.1e Standard LaTeX ifthen package (DPC)
)
\c@r@tfl@t=\count282
\rotFPtop=\skip55
\rotFPbot=\skip56
\rot@float@box=\box67
\rot@mess@toks=\toks22
)
(/usr/local/texlive/2025/texmf-dist/tex/latex/threeparttable/threeparttable.sty
Package: threeparttable 2003/06/13  v 3.0
\@tempboxb=\box68
) (/usr/local/texlive/2025/texmf-dist/tex/latex/appendix/appendix.sty
Package: appendix 2020/02/08 v1.2c extra appendix facilities
\c@@pps=\count283
\c@@ppsavesec=\count284
\c@@ppsaveapp=\count285
)
(/usr/local/texlive/2025/texmf-dist/tex/latex/hyperref/hyperref.sty
Package: hyperref 2024-11-05 v7.01l Hypertext links for LaTeX

(/usr/local/texlive/2025/texmf-dist/tex/latex/kvsetkeys/kvsetkeys.sty
Package: kvsetkeys 2022-10-05 v1.19 Key value parser (HO)
)
(/usr/local/texlive/2025/texmf-dist/tex/generic/kvdefinekeys/kvdefinekeys.sty
Package: kvdefinekeys 2019-12-19 v1.6 Define keys (HO)
)
(/usr/local/texlive/2025/texmf-dist/tex/generic/pdfescape/pdfescape.sty
Package: pdfescape 2019/12/09 v1.15 Implements pdfTeX's escape features (HO)

(/usr/local/texlive/2025/texmf-dist/tex/generic/ltxcmds/ltxcmds.sty
Package: ltxcmds 2023-12-04 v1.26 LaTeX kernel commands for general use (HO)
)
(/usr/local/texlive/2025/texmf-dist/tex/generic/pdftexcmds/pdftexcmds.sty
Package: pdftexcmds 2020-06-27 v0.33 Utility functions of pdfTeX for LuaTeX (HO
)

(/usr/local/texlive/2025/texmf-dist/tex/generic/infwarerr/infwarerr.sty
Package: infwarerr 2019/12/03 v1.5 Providing info/warning/error messages (HO)
)
Package pdftexcmds Info: \pdf@primitive is available.
Package pdftexcmds Info: \pdf@ifprimitive is available.
Package pdftexcmds Info: \pdfdraftmode found.
))
(/usr/local/texlive/2025/texmf-dist/tex/latex/hycolor/hycolor.sty
Package: hycolor 2020-01-27 v1.10 Color options for hyperref/bookmark (HO)
)
(/usr/local/texlive/2025/texmf-dist/tex/latex/hyperref/nameref.sty
Package: nameref 2023-11-26 v2.56 Cross-referencing by name of section

(/usr/local/texlive/2025/texmf-dist/tex/latex/refcount/refcount.sty
Package: refcount 2019/12/15 v3.6 Data extraction from label references (HO)
)
(/usr/local/texlive/2025/texmf-dist/tex/generic/gettitlestring/gettitlestring.s
ty
Package: gettitlestring 2019/12/15 v1.6 Cleanup title references (HO)
 (/usr/local/texlive/2025/texmf-dist/tex/latex/kvoptions/kvoptions.sty
Package: kvoptions 2022-06-15 v3.15 Key value format for package options (HO)
))
\c@section@level=\count286
)
(/usr/local/texlive/2025/texmf-dist/tex/latex/etoolbox/etoolbox.sty
Package: etoolbox 2025/02/11 v2.5l e-TeX tools for LaTeX (JAW)
\etb@tempcnta=\count287
)
(/usr/local/texlive/2025/texmf-dist/tex/generic/stringenc/stringenc.sty
Package: stringenc 2019/11/29 v1.12 Convert strings between diff. encodings (HO
)
)
\@linkdim=\dimen172
\Hy@linkcounter=\count288
\Hy@pagecounter=\count289

(/usr/local/texlive/2025/texmf-dist/tex/latex/hyperref/pd1enc.def
File: pd1enc.def 2024-11-05 v7.01l Hyperref: PDFDocEncoding definition (HO)
Now handling font encoding PD1 ...
... no UTF-8 mapping file for font encoding PD1
)
(/usr/local/texlive/2025/texmf-dist/tex/generic/intcalc/intcalc.sty
Package: intcalc 2019/12/15 v1.3 Expandable calculations with integers (HO)
)
\Hy@SavedSpaceFactor=\count290

(/usr/local/texlive/2025/texmf-dist/tex/latex/hyperref/puenc.def
File: puenc.def 2024-11-05 v7.01l Hyperref: PDF Unicode definition (HO)
Now handling font encoding PU ...
... no UTF-8 mapping file for font encoding PU
)
Package hyperref Info: Hyper figures OFF on input line 4157.
Package hyperref Info: Link nesting OFF on input line 4162.
Package hyperref Info: Hyper index ON on input line 4165.
Package hyperref Info: Plain pages OFF on input line 4172.
Package hyperref Info: Backreferencing OFF on input line 4177.
Package hyperref Info: Implicit mode ON; LaTeX internals redefined.
Package hyperref Info: Bookmarks ON on input line 4424.
\c@Hy@tempcnt=\count291

(/usr/local/texlive/2025/texmf-dist/tex/latex/url/url.sty
\Urlmuskip=\muskip17
Package: url 2013/09/16  ver 3.4  Verb mode for urls, etc.
)
LaTeX Info: Redefining \url on input line 4763.
\XeTeXLinkMargin=\dimen173

(/usr/local/texlive/2025/texmf-dist/tex/generic/bitset/bitset.sty
Package: bitset 2019/12/09 v1.3 Handle bit-vector datatype (HO)

(/usr/local/texlive/2025/texmf-dist/tex/generic/bigintcalc/bigintcalc.sty
Package: bigintcalc 2019/12/15 v1.5 Expandable calculations on big integers (HO
)
))
\Fld@menulength=\count292
\Field@Width=\dimen174
\Fld@charsize=\dimen175
Package hyperref Info: Hyper figures OFF on input line 6042.
Package hyperref Info: Link nesting OFF on input line 6047.
Package hyperref Info: Hyper index ON on input line 6050.
Package hyperref Info: backreferencing OFF on input line 6057.
Package hyperref Info: Link coloring OFF on input line 6062.
Package hyperref Info: Link coloring with OCG OFF on input line 6067.
Package hyperref Info: PDF/A mode OFF on input line 6072.

(/usr/local/texlive/2025/texmf-dist/tex/latex/base/atbegshi-ltx.sty
Package: atbegshi-ltx 2021/01/10 v1.0c Emulation of the original atbegshi
package with kernel methods
)
\Hy@abspage=\count293
\c@Item=\count294
\c@Hfootnote=\count295
)
Package hyperref Info: Driver (autodetected): hpdftex.

(/usr/local/texlive/2025/texmf-dist/tex/latex/hyperref/hpdftex.def
File: hpdftex.def 2024-11-05 v7.01l Hyperref driver for pdfTeX

(/usr/local/texlive/2025/texmf-dist/tex/latex/base/atveryend-ltx.sty
Package: atveryend-ltx 2020/08/19 v1.0a Emulation of the original atveryend pac
kage
with kernel methods
)
\Fld@listcount=\count296
\c@bookmark@seq@number=\count297

(/usr/local/texlive/2025/texmf-dist/tex/latex/rerunfilecheck/rerunfilecheck.sty
Package: rerunfilecheck 2022-07-10 v1.10 Rerun checks for auxiliary files (HO)

(/usr/local/texlive/2025/texmf-dist/tex/generic/uniquecounter/uniquecounter.sty
Package: uniquecounter 2019/12/15 v1.4 Provide unlimited unique counter (HO)
)
Package uniquecounter Info: New unique counter `rerunfilecheck' on input line 2
85.
)
\Hy@SectionHShift=\skip57
)
Package hyperref Info: Option `colorlinks' set `true' on input line 1471.
Package hyperref Info: Option `breaklinks' set `true' on input line 1471.
Package hyperref Info: Option `plainpages' set `false' on input line 1471.
Package hyperref Info: Option `bookmarksopen' set `true' on input line 1471.
Package hyperref Info: Option `bookmarksnumbered' set `false' on input line 147
1.
 (/usr/local/texlive/2025/texmf-dist/tex/latex/wrapfig/wrapfig.sty
\wrapoverhang=\dimen176
\WF@size=\dimen177
\c@WF@wrappedlines=\count298
\WF@box=\box69
\WF@everypar=\toks23
Package: wrapfig 2003/01/31  v 3.6
)
\wraplines=\count299
\@authorfigbox=\box70
\@authorfigboxdim=\skip58
\biofigadjskip=\skip59

(/usr/local/texlive/2025/texmf-dist/tex/latex/amscls/amsthm.sty
Package: amsthm 2020/05/29 v2.20.6
\thm@style=\toks24
\thm@bodyfont=\toks25
\thm@headfont=\toks26
\thm@notefont=\toks27
\thm@headpunct=\toks28
\thm@preskip=\skip60
\thm@postskip=\skip61
\thm@headsep=\skip62
\dth@everypar=\toks29
)
(/usr/local/texlive/2025/texmf-dist/tex/latex/base/fix-cm.sty
Package: fix-cm 2020/11/24 v1.1t fixes to LaTeX

(/usr/local/texlive/2025/texmf-dist/tex/latex/base/ts1enc.def
File: ts1enc.def 2001/06/05 v3.0e (jk/car/fm) Standard LaTeX file
LaTeX Font Info:    Redeclaring font encoding TS1 on input line 47.
))
(/usr/local/texlive/2025/texmf-dist/tex/latex/natbib/natbib.sty
Package: natbib 2010/09/13 8.31b (PWD, AO)
\bibhang=\skip63
\bibsep=\skip64
LaTeX Info: Redefining \cite on input line 694.
\c@NAT@ctr=\count300
))
(/usr/local/texlive/2025/texmf-dist/tex/latex/subfigure/subfigure.sty
Package: subfigure 2002/03/15 v2.1.5 subfigure package
\subfigtopskip=\skip65
\subfigcapskip=\skip66
\subfigcaptopadj=\dimen178
\subfigbottomskip=\skip67
\subfigcapmargin=\dimen179
\subfiglabelskip=\skip68
\c@subfigure=\count301
\c@lofdepth=\count302
\c@subtable=\count303
\c@lotdepth=\count304

****************************************
* Local config file subfigure.cfg used *
****************************************
(/usr/local/texlive/2025/texmf-dist/tex/latex/subfigure/subfigure.cfg)
\subfig@top=\skip69
\subfig@bottom=\skip70
)
(/usr/local/texlive/2025/texmf-dist/tex/latex/multirow/multirow.sty
Package: multirow 2024/11/12 v2.9 Span multiple rows of a table
\multirow@colwidth=\skip71
\multirow@cntb=\count305
\multirow@dima=\skip72
\bigstrutjot=\dimen180
)
(/usr/local/texlive/2025/texmf-dist/tex/latex/amsmath/amsmath.sty
Package: amsmath 2024/11/05 v2.17t AMS math features
\@mathmargin=\skip73

For additional information on amsmath, use the `?' option.
(/usr/local/texlive/2025/texmf-dist/tex/latex/amsmath/amstext.sty
Package: amstext 2021/08/26 v2.01 AMS text

(/usr/local/texlive/2025/texmf-dist/tex/latex/amsmath/amsgen.sty
File: amsgen.sty 1999/11/30 v2.0 generic functions
\@emptytoks=\toks30
\ex@=\dimen181
))
(/usr/local/texlive/2025/texmf-dist/tex/latex/amsmath/amsbsy.sty
Package: amsbsy 1999/11/29 v1.2d Bold Symbols
\pmbraise@=\dimen182
)
(/usr/local/texlive/2025/texmf-dist/tex/latex/amsmath/amsopn.sty
Package: amsopn 2022/04/08 v2.04 operator names
)
\inf@bad=\count306
LaTeX Info: Redefining \frac on input line 233.
\uproot@=\count307
\leftroot@=\count308
LaTeX Info: Redefining \overline on input line 398.
LaTeX Info: Redefining \colon on input line 409.
\classnum@=\count309
\DOTSCASE@=\count310
LaTeX Info: Redefining \ldots on input line 495.
LaTeX Info: Redefining \dots on input line 498.
LaTeX Info: Redefining \cdots on input line 619.
\Mathstrutbox@=\box71
\strutbox@=\box72
LaTeX Info: Redefining \big on input line 721.
LaTeX Info: Redefining \Big on input line 722.
LaTeX Info: Redefining \bigg on input line 723.
LaTeX Info: Redefining \Bigg on input line 724.
\big@size=\dimen183
LaTeX Font Info:    Redeclaring font encoding OML on input line 742.
LaTeX Font Info:    Redeclaring font encoding OMS on input line 743.
\macc@depth=\count311
LaTeX Info: Redefining \bmod on input line 904.
LaTeX Info: Redefining \pmod on input line 909.
LaTeX Info: Redefining \smash on input line 939.
LaTeX Info: Redefining \relbar on input line 969.
LaTeX Info: Redefining \Relbar on input line 970.
\c@MaxMatrixCols=\count312
\dotsspace@=\muskip18
\c@parentequation=\count313
\dspbrk@lvl=\count314
\tag@help=\toks31
\row@=\count315
\column@=\count316
\maxfields@=\count317
\andhelp@=\toks32
\eqnshift@=\dimen184
\alignsep@=\dimen185
\tagshift@=\dimen186
\tagwidth@=\dimen187
\totwidth@=\dimen188
\lineht@=\dimen189
\@envbody=\toks33
\multlinegap=\skip74
\multlinetaggap=\skip75
\mathdisplay@stack=\toks34
LaTeX Info: Redefining \[ on input line 2953.
LaTeX Info: Redefining \] on input line 2954.
)
(/usr/local/texlive/2025/texmf-dist/tex/latex/amsfonts/amssymb.sty
Package: amssymb 2013/01/14 v3.01 AMS font symbols

(/usr/local/texlive/2025/texmf-dist/tex/latex/amsfonts/amsfonts.sty
Package: amsfonts 2013/01/14 v3.01 Basic AMSFonts support
\symAMSa=\mathgroup4
\symAMSb=\mathgroup5
LaTeX Font Info:    Redeclaring math symbol \hbar on input line 98.
LaTeX Font Info:    Overwriting math alphabet `\mathfrak' in version `bold'
(Font)                  U/euf/m/n --> U/euf/b/n on input line 106.
))
(/usr/local/texlive/2025/texmf-dist/tex/latex/jknapltx/mathrsfs.sty
Package: mathrsfs 1996/01/01 Math RSFS package v1.0 (jk)
\symrsfs=\mathgroup6
)
(/usr/local/texlive/2025/texmf-dist/tex/latex/xcolor/xcolor.sty
Package: xcolor 2024/09/29 v3.02 LaTeX color extensions (UK)

(/usr/local/texlive/2025/texmf-dist/tex/latex/graphics-cfg/color.cfg
File: color.cfg 2016/01/02 v1.6 sample color configuration
)
Package xcolor Info: Driver file: pdftex.def on input line 274.

(/usr/local/texlive/2025/texmf-dist/tex/latex/graphics/mathcolor.ltx)
Package xcolor Info: Model `cmy' substituted by `cmy0' on input line 1349.
Package xcolor Info: Model `hsb' substituted by `rgb' on input line 1353.
Package xcolor Info: Model `RGB' extended on input line 1365.
Package xcolor Info: Model `HTML' substituted by `rgb' on input line 1367.
Package xcolor Info: Model `Hsb' substituted by `hsb' on input line 1368.
Package xcolor Info: Model `tHsb' substituted by `hsb' on input line 1369.
Package xcolor Info: Model `HSB' substituted by `hsb' on input line 1370.
Package xcolor Info: Model `Gray' substituted by `gray' on input line 1371.
Package xcolor Info: Model `wave' substituted by `hsb' on input line 1372.
)
(/usr/local/texlive/2025/texmf-dist/tex/latex/base/textcomp.sty
Package: textcomp 2024/04/24 v2.1b Standard LaTeX package
)
(/usr/local/texlive/2025/texmf-dist/tex/latex/ncctools/manyfoot.sty
Package: manyfoot 2019/08/03 v1.11 Many Footnote Levels Package (NCC)

(/usr/local/texlive/2025/texmf-dist/tex/latex/ncctools/nccfoots.sty
Package: nccfoots 2005/02/03 v1.2 NCC Footnotes Package (NCC)
)
\MFL@columnwidth=\dimen190
)
(/usr/local/texlive/2025/texmf-dist/tex/latex/booktabs/booktabs.sty
Package: booktabs 2020/01/12 v1.61803398 Publication quality tables
\heavyrulewidth=\dimen191
\lightrulewidth=\dimen192
\cmidrulewidth=\dimen193
\belowrulesep=\dimen194
\belowbottomsep=\dimen195
\aboverulesep=\dimen196
\abovetopsep=\dimen197
\cmidrulesep=\dimen198
\cmidrulekern=\dimen199
\defaultaddspace=\dimen256
\@cmidla=\count318
\@cmidlb=\count319
\@aboverulesep=\dimen257
\@belowrulesep=\dimen258
\@thisruleclass=\count320
\@lastruleclass=\count321
\@thisrulewidth=\dimen259
)
(/usr/local/texlive/2025/texmf-dist/tex/latex/algorithms/algorithm.sty
Package: algorithm 2009/08/24 v0.1 Document Style `algorithm' - floating enviro
nment

(/usr/local/texlive/2025/texmf-dist/tex/latex/float/float.sty
Package: float 2001/11/08 v1.3d Float enhancements (AL)
\c@float@type=\count322
\float@exts=\toks35
\float@box=\box73
\@float@everytoks=\toks36
\@floatcapt=\box74
)
\@float@every@algorithm=\toks37
\c@algorithm=\count323
)
(/usr/local/texlive/2025/texmf-dist/tex/latex/algorithmicx/algorithmicx.sty
Package: algorithmicx 2005/04/27 v1.2 Algorithmicx

Document Style algorithmicx 1.2 - a greatly improved `algorithmic' style
\c@ALG@line=\count324
\c@ALG@rem=\count325
\c@ALG@nested=\count326
\ALG@tlm=\skip76
\ALG@thistlm=\skip77
\c@ALG@Lnr=\count327
\c@ALG@blocknr=\count328
\c@ALG@storecount=\count329
\c@ALG@tmpcounter=\count330
\ALG@tmplength=\skip78
) (/usr/local/texlive/2025/texmf-dist/tex/latex/algorithmicx/algpseudocode.sty
Package: algpseudocode 

Document Style - pseudocode environments for use with the `algorithmicx' style
) (/usr/local/texlive/2025/texmf-dist/tex/latex/listings/listings.sty
\lst@mode=\count331
\lst@gtempboxa=\box75
\lst@token=\toks38
\lst@length=\count332
\lst@currlwidth=\dimen260
\lst@column=\count333
\lst@pos=\count334
\lst@lostspace=\dimen261
\lst@width=\dimen262
\lst@newlines=\count335
\lst@lineno=\count336
\lst@maxwidth=\dimen263

(/usr/local/texlive/2025/texmf-dist/tex/latex/listings/lstpatch.sty
File: lstpatch.sty 2024/09/23 1.10c (Carsten Heinz)
)
(/usr/local/texlive/2025/texmf-dist/tex/latex/listings/lstmisc.sty
File: lstmisc.sty 2024/09/23 1.10c (Carsten Heinz)
\c@lstnumber=\count337
\lst@skipnumbers=\count338
\lst@framebox=\box76
)
(/usr/local/texlive/2025/texmf-dist/tex/latex/listings/listings.cfg
File: listings.cfg 2024/09/23 1.10c listings configuration
))
Package: listings 2024/09/23 1.10c (Carsten Heinz)
\c@theorem=\count339
\c@example=\count340
\c@remark=\count341
\c@definition=\count342

(/usr/local/texlive/2025/texmf-dist/tex/latex/l3backend/l3backend-pdftex.def
File: l3backend-pdftex.def 2024-05-08 L3 backend support: PDF output (pdfTeX)
\l__color_backend_stack_int=\count343
\l__pdf_internal_box=\box77
)
(./sn-article.aux)
\openout1 = `sn-article.aux'.

LaTeX Font Info:    Checking defaults for OML/cmm/m/it on input line 93.
LaTeX Font Info:    ... okay on input line 93.
LaTeX Font Info:    Checking defaults for OMS/cmsy/m/n on input line 93.
LaTeX Font Info:    ... okay on input line 93.
LaTeX Font Info:    Checking defaults for OT1/cmr/m/n on input line 93.
LaTeX Font Info:    ... okay on input line 93.
LaTeX Font Info:    Checking defaults for T1/cmr/m/n on input line 93.
LaTeX Font Info:    ... okay on input line 93.
LaTeX Font Info:    Checking defaults for TS1/cmr/m/n on input line 93.
LaTeX Font Info:    ... okay on input line 93.
LaTeX Font Info:    Checking defaults for OMX/cmex/m/n on input line 93.
LaTeX Font Info:    ... okay on input line 93.
LaTeX Font Info:    Checking defaults for U/cmr/m/n on input line 93.
LaTeX Font Info:    ... okay on input line 93.
LaTeX Font Info:    Checking defaults for PD1/pdf/m/n on input line 93.
LaTeX Font Info:    ... okay on input line 93.
LaTeX Font Info:    Checking defaults for PU/pdf/m/n on input line 93.
LaTeX Font Info:    ... okay on input line 93.

*geometry* driver: auto-detecting
*geometry* detected driver: pdftex
*geometry* verbose mode - [ preamble ] result:
* driver: pdftex
* paper: custom
* layout: <same size as paper>
* layoutoffset:(h,v)=(0.0pt,0.0pt)
* bindingoffset: 17.07164pt
* modes: twoside 
* h-part:(L,W,R)=(83.37448pt, 372.0pt, 125.06175pt)
* v-part:(T,H,B)=(73.97716pt, 552.69478pt, 218.37491pt)
* \paperwidth=597.50787pt
* \paperheight=845.04684pt
* \textwidth=372.0pt
* \textheight=552.69478pt
* \oddsidemargin=28.17613pt
* \evensidemargin=52.79176pt
* \topmargin=-19.72638pt
* \headheight=5.5pt
* \headsep=15.93355pt
* \topskip=10.0pt
* \footskip=28.45274pt
* \marginparwidth=34.1433pt
* \marginparsep=14.22636pt
* \columnsep=14.22636pt
* \skip\footins=8.0pt plus 4.0pt
* \hoffset=0.0pt
* \voffset=0.0pt
* \mag=1000
* \@twocolumnfalse
* \@twosidetrue
* \@mparswitchtrue
* \@reversemargintrue
* (1in=72.27pt=25.4mm, 1cm=28.453pt)

(/usr/local/texlive/2025/texmf-dist/tex/context/base/mkii/supp-pdf.mkii
[Loading MPS to PDF converter (version 2006.09.02).]
\scratchcounter=\count344
\scratchdimen=\dimen264
\scratchbox=\box78
\nofMPsegments=\count345
\nofMParguments=\count346
\everyMPshowfont=\toks39
\MPscratchCnt=\count347
\MPscratchDim=\dimen265
\MPnumerator=\count348
\makeMPintoPDFobject=\count349
\everyMPtoPDFconversion=\toks40
) (/usr/local/texlive/2025/texmf-dist/tex/latex/epstopdf-pkg/epstopdf-base.sty
Package: epstopdf-base 2020-01-24 v2.11 Base part for package epstopdf
Package epstopdf-base Info: Redefining graphics rule for `.eps' on input line 4
85.

(/usr/local/texlive/2025/texmf-dist/tex/latex/latexconfig/epstopdf-sys.cfg
File: epstopdf-sys.cfg 2010/07/13 v1.3 Configuration of (r)epstopdf for TeX Liv
e
))
LaTeX Info: Redefining \S on input line 93.
LaTeX Font Info:    Redeclaring symbol font `AMSa' on input line 93.
LaTeX Font Info:    Overwriting symbol font `AMSa' in version `normal'
(Font)                  U/msa/m/n --> U/msa/m/n on input line 93.
LaTeX Font Info:    Overwriting symbol font `AMSa' in version `bold'
(Font)                  U/msa/m/n --> U/msa/m/n on input line 93.
Package hyperref Info: Link coloring ON on input line 93.

(./sn-article.out) (./sn-article.out)
\@outlinefile=\write3
\openout3 = `sn-article.out'.

\c@lstlisting=\count350
LaTeX Font Info:    Calculating math sizes for size <12.045> on input line 145.

LaTeX Font Info:    Trying to load font information for U+msa on input line 145
.

(/usr/local/texlive/2025/texmf-dist/tex/latex/amsfonts/umsa.fd
File: umsa.fd 2013/01/14 v3.01 AMS symbols A
)
LaTeX Font Info:    Trying to load font information for U+msb on input line 145
.

(/usr/local/texlive/2025/texmf-dist/tex/latex/amsfonts/umsb.fd
File: umsb.fd 2013/01/14 v3.01 AMS symbols B
)
LaTeX Font Info:    Trying to load font information for U+rsfs on input line 14
5.

(/usr/local/texlive/2025/texmf-dist/tex/latex/jknapltx/ursfs.fd
File: ursfs.fd 1998/03/24 rsfs font definition file (jk)
)

LaTeX Font Warning: Font shape `U/rsfs/m/n' in size <8.43146> not available
(Font)              size <8> substituted on input line 145.

LaTeX Font Info:    Calculating math sizes for size <11.04124> on input line 14
5.

LaTeX Font Warning: Font shape `U/rsfs/m/n' in size <5.52061> not available
(Font)              size <6> substituted on input line 145.

LaTeX Font Info:    Calculating math sizes for size <9.03374> on input line 145
.

LaTeX Font Warning: Font shape `U/rsfs/m/n' in size <4.51686> not available
(Font)              size <5> substituted on input line 145.

LaTeX Font Info:    Calculating math sizes for size <10.03749> on input line 14
5.



Underfull \vbox (badness 10000) has occurred while \output is active []

 [1

{/usr/local/texlive/2025/texmf-var/fonts/map/pdftex/updmap/pdftex.map}]
<../figures/site.png, id=99, 572.3784pt x 344.0052pt>
File: ../figures/site.png Graphic file (type png)
<use ../figures/site.png>
Package pdftex.def Info: ../figures/site.png  used on input line 168.
(pdftex.def)             Requested size: 372.0pt x 223.57448pt.



Underfull \vbox (badness 10000) has occurred while \output is active []

 [2]


Underfull \vbox (badness 10000) has occurred while \output is active []

 [3
pdfTeX warning (ext4): destination with the same identifier (name{figure.1}) ha
s been already used, duplicate ignored
<argument> ...shipout:D \box_use:N \l_shipout_box 
                                                  \__shipout_drop_firstpage_...
l.184 
       <../figures/site.png>]
<../figures/tsplot-original-Middelpos-tf1.pdf, id=149, 262.9825pt x 270.00874pt
>
File: ../figures/tsplot-original-Middelpos-tf1.pdf Graphic file (type pdf)
<use ../figures/tsplot-original-Middelpos-tf1.pdf>
Package pdftex.def Info: ../figures/tsplot-original-Middelpos-tf1.pdf  used on 
input line 186.
(pdftex.def)             Requested size: 167.39886pt x 171.87799pt.
<../figures/dftplot-original-averaged-magnitudes-Middelpos-tf1.pdf, id=150, 264
.99pt x 273.02pt>
File: ../figures/dftplot-original-averaged-magnitudes-Middelpos-tf1.pdf Graphic
 file (type pdf)
<use ../figures/dftplot-original-averaged-magnitudes-Middelpos-tf1.pdf>
Package pdftex.def Info: ../figures/dftplot-original-averaged-magnitudes-Middel
pos-tf1.pdf  used on input line 188.
(pdftex.def)             Requested size: 167.39886pt x 172.47426pt.



Underfull \vbox (badness 10000) has occurred while \output is active []

 [4
pdfTeX warning (ext4): destination with the same identifier (name{figure.2}) ha
s been already used, duplicate ignored
<argument> ...shipout:D \box_use:N \l_shipout_box 
                                                  \__shipout_drop_firstpage_...
l.223 
       <../figures/tsplot-original-Middelpos-tf1.pdf> <../figures/dftplot-origi
nal-averaged-magnitudes-Middelpos-tf1.pdf>]


Underfull \vbox (badness 10000) has occurred while \output is active []

 [5]


Underfull \vbox (badness 10000) has occurred while \output is active []

 [6]
<../figures/zplot-magnitude_phase-Middelpos-tf1;Middelpos-tf3-Z_xx.pdf, id=566,
 269.005pt x 273.02pt>
File: ../figures/zplot-magnitude_phase-Middelpos-tf1;Middelpos-tf3-Z_xx.pdf Gra
phic file (type pdf)
<use ../figures/zplot-magnitude_phase-Middelpos-tf1;Middelpos-tf3-Z_xx.pdf>
Package pdftex.def Info: ../figures/zplot-magnitude_phase-Middelpos-tf1;Middelp
os-tf3-Z_xx.pdf  used on input line 302.
(pdftex.def)             Requested size: 178.55841pt x 181.22273pt.
<../figures/zplot-magnitude_phase-Middelpos-tf1;Middelpos-tf3-Z_xy.pdf, id=567,
 269.005pt x 273.02pt>
File: ../figures/zplot-magnitude_phase-Middelpos-tf1;Middelpos-tf3-Z_xy.pdf Gra
phic file (type pdf)
<use ../figures/zplot-magnitude_phase-Middelpos-tf1;Middelpos-tf3-Z_xy.pdf>
Package pdftex.def Info: ../figures/zplot-magnitude_phase-Middelpos-tf1;Middelp
os-tf3-Z_xy.pdf  used on input line 303.
(pdftex.def)             Requested size: 178.55841pt x 181.22273pt.
<../figures/zplot-magnitude_phase-Middelpos-tf1;Middelpos-tf3-Z_yx.pdf, id=568,
 269.005pt x 273.02pt>
File: ../figures/zplot-magnitude_phase-Middelpos-tf1;Middelpos-tf3-Z_yx.pdf Gra
phic file (type pdf)
<use ../figures/zplot-magnitude_phase-Middelpos-tf1;Middelpos-tf3-Z_yx.pdf>
Package pdftex.def Info: ../figures/zplot-magnitude_phase-Middelpos-tf1;Middelp
os-tf3-Z_yx.pdf  used on input line 304.
(pdftex.def)             Requested size: 178.55841pt x 181.22273pt.
<../figures/zplot-magnitude_phase-Middelpos-tf1;Middelpos-tf3-Z_yy.pdf, id=569,
 269.005pt x 273.02pt>
File: ../figures/zplot-magnitude_phase-Middelpos-tf1;Middelpos-tf3-Z_yy.pdf Gra
phic file (type pdf)
<use ../figures/zplot-magnitude_phase-Middelpos-tf1;Middelpos-tf3-Z_yy.pdf>
Package pdftex.def Info: ../figures/zplot-magnitude_phase-Middelpos-tf1;Middelp
os-tf3-Z_yy.pdf  used on input line 305.
(pdftex.def)             Requested size: 178.55841pt x 181.22273pt.

Overfull \hbox (13.45023pt too wide) in paragraph at lines 302--306
[][]\OT1/cmr/m/n/10 a)[] [][]b)[]
 []


Overfull \hbox (12.89465pt too wide) in paragraph at lines 302--306
[][]\OT1/cmr/m/n/10 c)[] [][]d)[] 
 []


LaTeX Warning: `!h' float specifier changed to `!ht'.

<../figures/snplot-Middelpos-tf1;Middelpos-tf3-E_x.pdf, id=570, 263.98625pt x 2
73.02pt>
File: ../figures/snplot-Middelpos-tf1;Middelpos-tf3-E_x.pdf Graphic file (type 
pdf)
<use ../figures/snplot-Middelpos-tf1;Middelpos-tf3-E_x.pdf>
Package pdftex.def Info: ../figures/snplot-Middelpos-tf1;Middelpos-tf3-E_x.pdf 
 used on input line 313.
(pdftex.def)             Requested size: 178.55841pt x 184.66797pt.
<../figures/snplot-Middelpos-tf1;Middelpos-tf3-E_y.pdf, id=571, 263.98625pt x 2
73.02pt>
File: ../figures/snplot-Middelpos-tf1;Middelpos-tf3-E_y.pdf Graphic file (type 
pdf)
<use ../figures/snplot-Middelpos-tf1;Middelpos-tf3-E_y.pdf>
Package pdftex.def Info: ../figures/snplot-Middelpos-tf1;Middelpos-tf3-E_y.pdf 
 used on input line 314.
(pdftex.def)             Requested size: 178.55841pt x 184.66797pt.

Overfull \hbox (13.45023pt too wide) in paragraph at lines 313--315
[][]\OT1/cmr/m/n/10 a)[] [][]b)[] 
 []


LaTeX Warning: `!h' float specifier changed to `!ht'.




Underfull \vbox (badness 10000) has occurred while \output is active []

 [7]


Underfull \vbox (badness 10000) has occurred while \output is active []

 [8
pdfTeX warning (ext4): destination with the same identifier (name{figure.3}) ha
s been already used, duplicate ignored
<argument> ...shipout:D \box_use:N \l_shipout_box 
                                                  \__shipout_drop_firstpage_...
l.320 \clearpage
                 <../figures/zplot-magnitude_phase-Middelpos-tf1;Middelpos-tf3-
Z_xx.pdf> <../figures/zplot-magnitude_phase-Middelpos-tf1;Middelpos-tf3-Z_xy.pd
f> <../figures/zplot-magnitude_phase-Middelpos-tf1;Middelpos-tf3-Z_yx.pdf> <../
figures/zplot-magnitude_phase-Middelpos-tf1;Middelpos-tf3-Z_yy.pdf>]


Underfull \vbox (badness 10000) has occurred while \output is active []

 [9
pdfTeX warning (ext4): destination with the same identifier (name{figure.4}) ha
s been already used, duplicate ignored
<argument> ...shipout:D \box_use:N \l_shipout_box 
                                                  \__shipout_drop_firstpage_...
l.320 \clearpage
                 <../figures/snplot-Middelpos-tf1;Middelpos-tf3-E_x.pdf> <../fi
gures/snplot-Middelpos-tf1;Middelpos-tf3-E_y.pdf>]
<../figures/map.pdf, id=1599, 236.885pt x 113.42375pt>
File: ../figures/map.pdf Graphic file (type pdf)
<use ../figures/map.pdf>
Package pdftex.def Info: ../figures/map.pdf  used on input line 340.
(pdftex.def)             Requested size: 372.0pt x 178.12411pt.


LaTeX Warning: `h' float specifier changed to `ht'.

<../figures/tsplot-original-KAP103-tf1.pdf, id=1604, 262.9825pt x 270.00874pt>
File: ../figures/tsplot-original-KAP103-tf1.pdf Graphic file (type pdf)
<use ../figures/tsplot-original-KAP103-tf1.pdf>
Package pdftex.def Info: ../figures/tsplot-original-KAP103-tf1.pdf  used on inp
ut line 350.
(pdftex.def)             Requested size: 167.39886pt x 171.87799pt.
<../figures/dftplot-original-averaged-magnitudes-KAP103-tf1.pdf, id=1605, 269.0
05pt x 273.02pt>
File: ../figures/dftplot-original-averaged-magnitudes-KAP103-tf1.pdf Graphic fi
le (type pdf)
<use ../figures/dftplot-original-averaged-magnitudes-KAP103-tf1.pdf>
Package pdftex.def Info: ../figures/dftplot-original-averaged-magnitudes-KAP103
-tf1.pdf  used on input line 352.
(pdftex.def)             Requested size: 167.39886pt x 169.8997pt.

LaTeX Warning: `h' float specifier changed to `ht'.




Underfull \vbox (badness 10000) has occurred while \output is active []

 [10

]


Underfull \vbox (badness 10000) has occurred while \output is active []

 [11
pdfTeX warning (ext4): destination with the same identifier (name{figure.5}) ha
s been already used, duplicate ignored
<argument> ...shipout:D \box_use:N \l_shipout_box 
                                                  \__shipout_drop_firstpage_...
l.357 \clearpage
                
pdfTeX warning (ext4): destination with the same identifier (name{figure.6}) ha
s been already used, duplicate ignored
<argument> ...shipout:D \box_use:N \l_shipout_box 
                                                  \__shipout_drop_firstpage_...
l.357 \clearpage
                 <../figures/map.pdf> <../figures/tsplot-original-KAP103-tf1.pd
f> <../figures/dftplot-original-averaged-magnitudes-KAP103-tf1.pdf>]
<../figures/zplot-magnitude_phase-Middelpos-tf1;KAP103-tf3;KAP103-tf1-Z_xx.pdf,
 id=1960, 263.98625pt x 273.02pt>
File: ../figures/zplot-magnitude_phase-Middelpos-tf1;KAP103-tf3;KAP103-tf1-Z_xx
.pdf Graphic file (type pdf)
<use ../figures/zplot-magnitude_phase-Middelpos-tf1;KAP103-tf3;KAP103-tf1-Z_xx.
pdf>
Package pdftex.def Info: ../figures/zplot-magnitude_phase-Middelpos-tf1;KAP103-
tf3;KAP103-tf1-Z_xx.pdf  used on input line 362.
(pdftex.def)             Requested size: 178.55841pt x 184.66797pt.
<../figures/zplot-magnitude_phase-Middelpos-tf1;KAP103-tf3;KAP103-tf1-Z_xy.pdf,
 id=1961, 263.98625pt x 273.02pt>
File: ../figures/zplot-magnitude_phase-Middelpos-tf1;KAP103-tf3;KAP103-tf1-Z_xy
.pdf Graphic file (type pdf)
<use ../figures/zplot-magnitude_phase-Middelpos-tf1;KAP103-tf3;KAP103-tf1-Z_xy.
pdf>
Package pdftex.def Info: ../figures/zplot-magnitude_phase-Middelpos-tf1;KAP103-
tf3;KAP103-tf1-Z_xy.pdf  used on input line 363.
(pdftex.def)             Requested size: 178.55841pt x 184.66797pt.
<../figures/zplot-magnitude_phase-Middelpos-tf1;KAP103-tf3;KAP103-tf1-Z_yx.pdf,
 id=1962, 263.98625pt x 273.02pt>
File: ../figures/zplot-magnitude_phase-Middelpos-tf1;KAP103-tf3;KAP103-tf1-Z_yx
.pdf Graphic file (type pdf)
<use ../figures/zplot-magnitude_phase-Middelpos-tf1;KAP103-tf3;KAP103-tf1-Z_yx.
pdf>
Package pdftex.def Info: ../figures/zplot-magnitude_phase-Middelpos-tf1;KAP103-
tf3;KAP103-tf1-Z_yx.pdf  used on input line 364.
(pdftex.def)             Requested size: 178.55841pt x 184.66797pt.
<../figures/zplot-magnitude_phase-Middelpos-tf1;KAP103-tf3;KAP103-tf1-Z_yy.pdf,
 id=1963, 263.98625pt x 273.02pt>
File: ../figures/zplot-magnitude_phase-Middelpos-tf1;KAP103-tf3;KAP103-tf1-Z_yy
.pdf Graphic file (type pdf)
<use ../figures/zplot-magnitude_phase-Middelpos-tf1;KAP103-tf3;KAP103-tf1-Z_yy.
pdf>
Package pdftex.def Info: ../figures/zplot-magnitude_phase-Middelpos-tf1;KAP103-
tf3;KAP103-tf1-Z_yy.pdf  used on input line 365.
(pdftex.def)             Requested size: 178.55841pt x 184.66797pt.

Overfull \hbox (13.45023pt too wide) in paragraph at lines 362--366
[][]\OT1/cmr/m/n/10 a)[] [][]b)[]
 []


Overfull \hbox (12.89465pt too wide) in paragraph at lines 362--366
[][]\OT1/cmr/m/n/10 c)[] [][]d)[] 
 []




Underfull \vbox (badness 10000) has occurred while \output is active []

 [12


pdfTeX warning (ext4): destination with the same identifier (name{figure.7}) ha
s been already used, duplicate ignored
<argument> ...shipout:D \box_use:N \l_shipout_box 
                                                  \__shipout_drop_firstpage_...
l.382 \clearpage
                 <../figures/zplot-magnitude_phase-Middelpos-tf1;KAP103-tf3;KAP
103-tf1-Z_xx.pdf> <../figures/zplot-magnitude_phase-Middelpos-tf1;KAP103-tf3;KA
P103-tf1-Z_xy.pdf> <../figures/zplot-magnitude_phase-Middelpos-tf1;KAP103-tf3;K
AP103-tf1-Z_yx.pdf> <../figures/zplot-magnitude_phase-Middelpos-tf1;KAP103-tf3;
KAP103-tf1-Z_yy.pdf>]


Underfull \vbox (badness 10000) has occurred while \output is active []

 [13]
<../figures/instrument.pdf, id=2598, 342.27875pt x 256.96pt>
File: ../figures/instrument.pdf Graphic file (type pdf)
<use ../figures/instrument.pdf>
Package pdftex.def Info: ../figures/instrument.pdf  used on input line 389.
(pdftex.def)             Requested size: 167.39886pt x 125.67624pt.
<../figures/solarpanel.pdf, id=2599, 403.5075pt x 302.12875pt>
File: ../figures/solarpanel.pdf Graphic file (type pdf)
<use ../figures/solarpanel.pdf>
Package pdftex.def Info: ../figures/solarpanel.pdf  used on input line 391.
(pdftex.def)             Requested size: 167.39886pt x 125.3396pt.

pdfTeX warning (ext4): destination with the same identifier (name{figure.1}) ha
s been already used, duplicate ignored
<to be read again> 
                   \relax 
l.392   \caption
                {\\
pdfTeX warning (ext4): destination with the same identifier (name{figure.1}) ha
s been already used, duplicate ignored
<to be read again> 
                   \relax 
l.393 ...ove the solar panels is the GPS antenna.}
                                                  


Underfull \vbox (badness 10000) has occurred while \output is active []

 [14

 <../figures/instrument.pdf> <../figures/solarpanel.pdf>]

LaTeX Warning: No positions in optional float specifier.
               Default added (so using `tbp') on input line 406.

(../tables/Middelpos-tf3-evalfreq_table.tex)
Overfull \hbox (63.7901pt too wide) in paragraph at lines 406--411
 [] 
 []




Underfull \vbox (badness 10000) has occurred while \output is active []

 [15

]


Underfull \vbox (badness 10000) has occurred while \output is active []

 [16
pdfTeX warning (ext4): destination with the same identifier (name{table.1}) has
 been already used, duplicate ignored
<argument> ...shipout:D \box_use:N \l_shipout_box 
                                                  \__shipout_drop_firstpage_...
l.413 \clearpage
                ] (../tables/Middelpos-tf1-evalfreq_table.tex)
Overfull \hbox (45.29022pt too wide) in paragraph at lines 415--421
 [] 
 []




Underfull \vbox (badness 10000) has occurred while \output is active []

 [17


pdfTeX warning (ext4): destination with the same identifier (name{table.2}) has
 been already used, duplicate ignored
<argument> ...shipout:D \box_use:N \l_shipout_box 
                                                  \__shipout_drop_firstpage_...
l.432 \clearpage
                ] (./sn-article.bbl
Underfull \hbox (badness 1097) in paragraph at lines 45--48
\OT1/cmr/m/n/10 i-cal Jour-nal Inter-na-tional 130(2):475--496. [][]$https : / 
/ doi . org / 10 . 1111 / j . 1365-[]246x .
 []




Underfull \vbox (badness 10000) has occurred while \output is active []

 [18

]


Underfull \vbox (badness 10000) has occurred while \output is active []

 [19])


Underfull \vbox (badness 10000) has occurred while \output is active []

 [20]
(./sn-article.aux)
 ***********
LaTeX2e <2024-11-01> patch level 2
L3 programming layer <2025-01-18>
 ***********


LaTeX Font Warning: Size substitutions with differences
(Font)              up to 0.48314pt have occurred.

Package rerunfilecheck Info: File `sn-article.out' has not changed.
(rerunfilecheck)             Checksum: 4A1F7BFB66B4E15B71F67B3E469074D3;951.
 ) 
Here is how much of TeX's memory you used:
 15026 strings out of 473190
 237062 string characters out of 5715801
 679658 words of memory out of 5000000
 37935 multiletter control sequences out of 15000+600000
 593276 words of font info for 168 fonts, out of 8000000 for 9000
 1151 hyphenation exceptions out of 8191
 90i,12n,93p,1072b,634s stack positions out of 10000i,1000n,20000p,200000b,200000s
</usr/local/texlive/2025/texmf-dist/fonts/type1/public/amsfonts/cm/cmbsy10.pf
b></usr/local/texlive/2025/texmf-dist/fonts/type1/public/amsfonts/cmextra/cmbsy
7.pfb></usr/local/texlive/2025/texmf-dist/fonts/type1/public/amsfonts/cm/cmbx10
.pfb></usr/local/texlive/2025/texmf-dist/fonts/type1/public/amsfonts/cm/cmbx12.
pfb></usr/local/texlive/2025/texmf-dist/fonts/type1/public/amsfonts/cm/cmbx8.pf
b></usr/local/texlive/2025/texmf-dist/fonts/type1/public/amsfonts/cm/cmbx9.pfb>
</usr/local/texlive/2025/texmf-dist/fonts/type1/public/amsfonts/cm/cmex10.pfb><
/usr/local/texlive/2025/texmf-dist/fonts/type1/public/amsfonts/cmextra/cmex8.pf
b></usr/local/texlive/2025/texmf-dist/fonts/type1/public/amsfonts/cm/cmmi10.pfb
></usr/local/texlive/2025/texmf-dist/fonts/type1/public/amsfonts/cm/cmmi5.pfb><
/usr/local/texlive/2025/texmf-dist/fonts/type1/public/amsfonts/cm/cmmi6.pfb></u
sr/local/texlive/2025/texmf-dist/fonts/type1/public/amsfonts/cm/cmmi7.pfb></usr
/local/texlive/2025/texmf-dist/fonts/type1/public/amsfonts/cm/cmmi8.pfb></usr/l
ocal/texlive/2025/texmf-dist/fonts/type1/public/amsfonts/cm/cmmi9.pfb></usr/loc
al/texlive/2025/texmf-dist/fonts/type1/public/amsfonts/cm/cmr10.pfb></usr/local
/texlive/2025/texmf-dist/fonts/type1/public/amsfonts/cm/cmr12.pfb></usr/local/t
exlive/2025/texmf-dist/fonts/type1/public/amsfonts/cm/cmr17.pfb></usr/local/tex
live/2025/texmf-dist/fonts/type1/public/amsfonts/cm/cmr5.pfb></usr/local/texliv
e/2025/texmf-dist/fonts/type1/public/amsfonts/cm/cmr7.pfb></usr/local/texlive/2
025/texmf-dist/fonts/type1/public/amsfonts/cm/cmr8.pfb></usr/local/texlive/2025
/texmf-dist/fonts/type1/public/amsfonts/cm/cmr9.pfb></usr/local/texlive/2025/te
xmf-dist/fonts/type1/public/amsfonts/cm/cmsy10.pfb></usr/local/texlive/2025/tex
mf-dist/fonts/type1/public/amsfonts/cm/cmsy6.pfb></usr/local/texlive/2025/texmf
-dist/fonts/type1/public/amsfonts/cm/cmsy7.pfb></usr/local/texlive/2025/texmf-d
ist/fonts/type1/public/amsfonts/cm/cmsy8.pfb></usr/local/texlive/2025/texmf-dis
t/fonts/type1/public/amsfonts/cm/cmsy9.pfb>
Output written on sn-article.pdf (20 pages, 6755516 bytes).
PDF statistics:
 2815 PDF objects out of 2984 (max. 8388607)
 2517 compressed objects within 26 object streams
 90 named destinations out of 1000 (max. 500000)
 155 words of extra memory for PDF output out of 10000 (max. 10000000)

